  [1m[35m (1.3ms)[0m  [1m[35mCREATE TABLE "schema_migrations" ("version" varchar NOT NULL PRIMARY KEY)[0m
  [1m[35m (0.9ms)[0m  [1m[35mCREATE TABLE "ar_internal_metadata" ("key" varchar NOT NULL PRIMARY KEY, "value" varchar, "created_at" datetime(6) NOT NULL, "updated_at" datetime(6) NOT NULL)[0m
  [1m[36mActiveRecord::SchemaMigration Pluck (0.1ms)[0m  [1m[34mSELECT "schema_migrations"."version" FROM "schema_migrations" ORDER BY "schema_migrations"."version" ASC[0m
Migrating to CreateRecipes (20231009234913)
  [1m[36mTRANSACTION (0.0ms)[0m  [1m[36mbegin transaction[0m
  [1m[35m (0.3ms)[0m  [1m[35mCREATE TABLE "recipes" ("id" integer PRIMARY KEY AUTOINCREMENT NOT NULL, "name" varchar, "description" text, "created_at" datetime(6) NOT NULL, "updated_at" datetime(6) NOT NULL)[0m
  [1m[36mActiveRecord::SchemaMigration Create (0.3ms)[0m  [1m[32mINSERT INTO "schema_migrations" ("version") VALUES (?)[0m  [["version", "20231009234913"]]
  [1m[36mTRANSACTION (0.9ms)[0m  [1m[36mcommit transaction[0m
  [1m[36mActiveRecord::InternalMetadata Load (0.1ms)[0m  [1m[34mSELECT "ar_internal_metadata".* FROM "ar_internal_metadata" WHERE "ar_internal_metadata"."key" = ? LIMIT ?[0m  [["key", "environment"], ["LIMIT", 1]]
  [1m[36mTRANSACTION (0.0ms)[0m  [1m[36mbegin transaction[0m
  [1m[36mActiveRecord::InternalMetadata Create (0.3ms)[0m  [1m[32mINSERT INTO "ar_internal_metadata" ("key", "value", "created_at", "updated_at") VALUES (?, ?, ?, ?)[0m  [["key", "environment"], ["value", "development"], ["created_at", "2023-10-09 23:49:26.985208"], ["updated_at", "2023-10-09 23:49:26.985208"]]
  [1m[36mTRANSACTION (0.6ms)[0m  [1m[36mcommit transaction[0m
  [1m[36mActiveRecord::SchemaMigration Pluck (0.1ms)[0m  [1m[34mSELECT "schema_migrations"."version" FROM "schema_migrations" ORDER BY "schema_migrations"."version" ASC[0m
Started GET "/" for 127.0.0.1 at 2023-10-09 16:49:40 -0700
  [1m[36mActiveRecord::SchemaMigration Pluck (0.1ms)[0m  [1m[34mSELECT "schema_migrations"."version" FROM "schema_migrations" ORDER BY "schema_migrations"."version" ASC[0m
Processing by Rails::WelcomeController#index as HTML
  Rendering /Users/dev/.rbenv/versions/3.2.2/lib/ruby/gems/3.2.0/gems/railties-7.0.8/lib/rails/templates/rails/welcome/index.html.erb
  Rendered /Users/dev/.rbenv/versions/3.2.2/lib/ruby/gems/3.2.0/gems/railties-7.0.8/lib/rails/templates/rails/welcome/index.html.erb (Duration: 2.2ms | Allocations: 634)
Completed 200 OK in 35ms (Views: 8.5ms | ActiveRecord: 0.0ms | Allocations: 7379)


Started GET "/" for 127.0.0.1 at 2023-10-09 16:54:55 -0700
  [1m[36mActiveRecord::SchemaMigration Pluck (0.3ms)[0m  [1m[34mSELECT "schema_migrations"."version" FROM "schema_migrations" ORDER BY "schema_migrations"."version" ASC[0m
Processing by RecipesController#index as HTML
  Rendering layout layouts/application.html.erb
  Rendering recipes/index.html.erb within layouts/application
  Rendered recipes/index.html.erb within layouts/application (Duration: 1.3ms | Allocations: 296)
  Rendered layout layouts/application.html.erb (Duration: 413.6ms | Allocations: 89257)
Completed 200 OK in 430ms (Views: 416.3ms | ActiveRecord: 0.0ms | Allocations: 93936)


Started GET "/" for 127.0.0.1 at 2023-10-09 16:56:32 -0700
  [1m[36mActiveRecord::SchemaMigration Pluck (0.2ms)[0m  [1m[34mSELECT "schema_migrations"."version" FROM "schema_migrations" ORDER BY "schema_migrations"."version" ASC[0m
Processing by RecipesController#index as HTML
  Rendering layout layouts/application.html.erb
  Rendering recipes/index.html.erb within layouts/application
  Rendered recipes/index.html.erb within layouts/application (Duration: 6.1ms | Allocations: 2385)
  Rendered layout layouts/application.html.erb (Duration: 6.3ms | Allocations: 2488)
Completed 500 Internal Server Error in 28ms (ActiveRecord: 0.0ms | Allocations: 7089)


  
ActionView::SyntaxErrorInTemplate (Encountered a syntax error while rendering template: check <h1>All Recipes</h1>
<h2>Total Number of Recipes: <%= @recipes.count %></h2>
<ul>
    <% @recipes.each do |r| %>
    <li>
        <h3><%= r.name %></h3>
        <p><%= r.description %></p>
    </li>
</ul>
):
1:    <h1>All Recipes</h1>
2:    <h2>Total Number of Recipes: <%= @recipes.count %></h2>
3:    <ul>
4:        <% @recipes.each do |r| %>
5:        <li>
6:            <h3><%= r.name %></h3>
7:            <p><%= r.description %></p>
8:        </li>
9:    </ul>
  
app/views/recipes/index.html.erb:11: syntax error, unexpected end-of-input
app/views/recipes/index.html.erb:11: syntax error, unexpected end-of-input
app/views/recipes/index.html.erb:11: syntax error, unexpected end-of-input
app/views/recipes/index.html.erb:11: syntax error, unexpected end-of-input
Started GET "/" for 127.0.0.1 at 2023-10-09 16:57:41 -0700
Processing by RecipesController#index as HTML
  Rendering layout layouts/application.html.erb
  Rendering recipes/index.html.erb within layouts/application
  Rendered recipes/index.html.erb within layouts/application (Duration: 0.6ms | Allocations: 1126)
  Rendered layout layouts/application.html.erb (Duration: 0.7ms | Allocations: 1216)
Completed 500 Internal Server Error in 3ms (ActiveRecord: 0.0ms | Allocations: 2057)


  
ActionView::SyntaxErrorInTemplate (Encountered a syntax error while rendering template: check <h1>All Recipes</h1>
<h2>Total Number of Recipes: <%= @recipes.all %></h2>
<ul>
    <% @recipes.each do |r| %>
        <li>
            <h3><%= r.name %></h3>
            <p><%= r.description %></p>
        </li>
</ul>
):
1:    <h1>All Recipes</h1>
2:    <h2>Total Number of Recipes: <%= @recipes.all %></h2>
3:    <ul>
4:        <% @recipes.each do |r| %>
5:            <li>
6:                <h3><%= r.name %></h3>
7:                <p><%= r.description %></p>
8:            </li>
9:    </ul>
  
app/views/recipes/index.html.erb:11: syntax error, unexpected end-of-input
app/views/recipes/index.html.erb:11: syntax error, unexpected end-of-input
app/views/recipes/index.html.erb:11: syntax error, unexpected end-of-input
app/views/recipes/index.html.erb:11: syntax error, unexpected end-of-input
Started GET "/" for 127.0.0.1 at 2023-10-09 16:58:35 -0700
Processing by RecipesController#index as HTML
  Rendering layout layouts/application.html.erb
  Rendering recipes/index.html.erb within layouts/application
  [1m[36mRecipe Load (0.1ms)[0m  [1m[34mSELECT "recipes".* FROM "recipes"[0m
  ↳ app/views/recipes/index.html.erb:4
  Rendered recipes/index.html.erb within layouts/application (Duration: 2.4ms | Allocations: 946)
  Rendered layout layouts/application.html.erb (Duration: 72.8ms | Allocations: 34158)
Completed 200 OK in 75ms (Views: 74.1ms | ActiveRecord: 0.1ms | Allocations: 35038)


Started GET "/" for 127.0.0.1 at 2023-10-09 16:58:43 -0700
Processing by RecipesController#index as HTML
  Rendering layout layouts/application.html.erb
  Rendering recipes/index.html.erb within layouts/application
  [1m[36mRecipe Count (0.1ms)[0m  [1m[34mSELECT COUNT(*) FROM "recipes"[0m
  ↳ app/views/recipes/index.html.erb:2
  [1m[36mRecipe Load (0.1ms)[0m  [1m[34mSELECT "recipes".* FROM "recipes"[0m
  ↳ app/views/recipes/index.html.erb:4
  Rendered recipes/index.html.erb within layouts/application (Duration: 2.5ms | Allocations: 1767)
  Rendered layout layouts/application.html.erb (Duration: 5.6ms | Allocations: 4337)
Completed 200 OK in 8ms (Views: 6.8ms | ActiveRecord: 0.4ms | Allocations: 5196)


  [1m[36mActiveRecord::SchemaMigration Pluck (0.1ms)[0m  [1m[34mSELECT "schema_migrations"."version" FROM "schema_migrations" ORDER BY "schema_migrations"."version" ASC[0m
  [1m[36mTRANSACTION (0.0ms)[0m  [1m[36mbegin transaction[0m
  [1m[36mRecipe Create (0.4ms)[0m  [1m[32mINSERT INTO "recipes" ("name", "description", "created_at", "updated_at") VALUES (?, ?, ?, ?)[0m  [["name", "Pie"], ["description", "A yummy pie"], ["created_at", "2023-10-10 00:00:40.674169"], ["updated_at", "2023-10-10 00:00:40.674169"]]
  [1m[36mTRANSACTION (0.6ms)[0m  [1m[36mcommit transaction[0m
Started GET "/" for 127.0.0.1 at 2023-10-09 17:00:46 -0700
  [1m[36mActiveRecord::SchemaMigration Pluck (0.2ms)[0m  [1m[34mSELECT "schema_migrations"."version" FROM "schema_migrations" ORDER BY "schema_migrations"."version" ASC[0m
Processing by RecipesController#index as HTML
  Rendering layout layouts/application.html.erb
  Rendering recipes/index.html.erb within layouts/application
  [1m[36mRecipe Count (0.4ms)[0m  [1m[34mSELECT COUNT(*) FROM "recipes"[0m
  ↳ app/views/recipes/index.html.erb:2
  [1m[36mRecipe Load (0.2ms)[0m  [1m[34mSELECT "recipes".* FROM "recipes"[0m
  ↳ app/views/recipes/index.html.erb:4
  Rendered recipes/index.html.erb within layouts/application (Duration: 15.3ms | Allocations: 5961)
  Rendered layout layouts/application.html.erb (Duration: 138.4ms | Allocations: 39146)
Completed 200 OK in 156ms (Views: 141.5ms | ActiveRecord: 1.4ms | Allocations: 43776)


